[33m[warn] - 2023-12-04 01:21:24[39m ::1 - - [03/Dec/2023:16:21:24 +0000] "POST /api/diaries/1 HTTP/1.1" 403 48 "-" "PostmanRuntime/7.29.2"

[33m[warn] - 2023-12-04 01:21:56[39m ::1 - - [03/Dec/2023:16:21:56 +0000] "POST /api/diaries/1 HTTP/1.1" 403 48 "-" "PostmanRuntime/7.29.2"

[33m[warn] - 2023-12-04 01:22:00[39m ::1 - - [03/Dec/2023:16:22:00 +0000] "POST /api/diaries/1 HTTP/1.1" 403 48 "-" "PostmanRuntime/7.29.2"

[33m[warn] - 2023-12-04 01:22:05[39m ::1 - - [03/Dec/2023:16:22:05 +0000] "POST /api/diaries/2 HTTP/1.1" 403 48 "-" "PostmanRuntime/7.29.2"

[33m[warn] - 2023-12-04 01:23:51[39m ::1 - - [03/Dec/2023:16:23:51 +0000] "POST /api/bests/2 HTTP/1.1" 403 48 "-" "PostmanRuntime/7.29.2"

[33m[warn] - 2023-12-04 01:24:09[39m ::1 - - [03/Dec/2023:16:24:09 +0000] "POST /api/bests/2 HTTP/1.1" 403 48 "-" "PostmanRuntime/7.29.2"

[33m[warn] - 2023-12-04 02:02:17[39m ::1 - - [03/Dec/2023:17:02:17 +0000] "POST /api/bests/2 HTTP/1.1" 403 48 "-" "PostmanRuntime/7.29.2"

[33m[warn] - 2023-12-04 02:02:57[39m ::1 - - [03/Dec/2023:17:02:57 +0000] "POST /api/bests/2 HTTP/1.1" 403 48 "-" "PostmanRuntime/7.29.2"

[33m[warn] - 2023-12-04 02:03:14[39m ::1 - - [03/Dec/2023:17:03:14 +0000] "POST /api/bests/1 HTTP/1.1" 403 48 "-" "PostmanRuntime/7.29.2"

[33m[warn] - 2023-12-04 02:03:18[39m ::1 - - [03/Dec/2023:17:03:18 +0000] "POST /api/bests/2 HTTP/1.1" 403 48 "-" "PostmanRuntime/7.29.2"

[33m[warn] - 2023-12-04 02:15:57[39m ::1 - - [03/Dec/2023:17:15:57 +0000] "POST /api/bests/2 HTTP/1.1" 403 48 "-" "PostmanRuntime/7.29.2"

[33m[warn] - 2023-12-04 04:31:38[39m ::1 - - [03/Dec/2023:19:31:38 +0000] "POST /api/bests/2 HTTP/1.1" 403 48 "-" "PostmanRuntime/7.29.2"

[33m[warn] - 2023-12-04 04:32:13[39m ::1 - - [03/Dec/2023:19:32:13 +0000] "POST /api/diaries/1 HTTP/1.1" 403 48 "-" "PostmanRuntime/7.29.2"

[33m[warn] - 2023-12-04 16:21:10[39m ::1 - - [04/Dec/2023:07:21:10 +0000] "POST /api/bests/2 HTTP/1.1" 403 48 "-" "PostmanRuntime/7.29.2"

[33m[warn] - 2023-12-04 16:21:29[39m ::1 - - [04/Dec/2023:07:21:29 +0000] "POST /api/bests/2 HTTP/1.1" 403 48 "-" "PostmanRuntime/7.29.2"

[33m[warn] - 2023-12-04 16:22:15[39m ::1 - - [04/Dec/2023:07:22:15 +0000] "POST /api/users/logout HTTP/1.1" 400 62 "-" "PostmanRuntime/7.29.2"

[33m[warn] - 2023-12-04 16:23:15[39m ::1 - - [04/Dec/2023:07:23:15 +0000] "POST /api/users/logout HTTP/1.1" 400 49 "-" "PostmanRuntime/7.29.2"

[33m[warn] - 2023-12-04 16:23:50[39m ::1 - - [04/Dec/2023:07:23:50 +0000] "POST /api/users/logout HTTP/1.1" 400 49 "-" "PostmanRuntime/7.29.2"

[33m[warn] - 2023-12-04 16:40:27[39m ::1 - - [04/Dec/2023:07:40:27 +0000] "POST /api/users/logout HTTP/1.1" 400 79 "-" "PostmanRuntime/7.29.2"

[33m[warn] - 2023-12-04 16:44:36[39m ::1 - - [04/Dec/2023:07:44:36 +0000] "POST /api/users/logout HTTP/1.1" 400 79 "-" "PostmanRuntime/7.29.2"

[33m[warn] - 2023-12-04 16:46:13[39m ::1 - - [04/Dec/2023:07:46:13 +0000] "POST /api/users/logout HTTP/1.1" 400 92 "-" "PostmanRuntime/7.29.2"

[31m[error] - 2023-12-04 16:47:12[39m ::1 - - [04/Dec/2023:07:47:12 +0000] "POST /api/users/logout HTTP/1.1" 500 92 "-" "PostmanRuntime/7.29.2"

[31m[error] - 2023-12-04 16:47:19[39m ::1 - - [04/Dec/2023:07:47:19 +0000] "POST /api/users/logout HTTP/1.1" 500 92 "-" "PostmanRuntime/7.29.2"

[33m[warn] - 2023-12-04 17:51:27[39m ::1 - - [04/Dec/2023:08:51:27 +0000] "POST /api/bests/2 HTTP/1.1" 403 48 "-" "PostmanRuntime/7.29.2"

[33m[warn] - 2023-12-04 17:51:30[39m ::1 - - [04/Dec/2023:08:51:30 +0000] "POST /api/bests/2 HTTP/1.1" 403 48 "-" "PostmanRuntime/7.29.2"

[33m[warn] - 2023-12-04 17:52:55[39m ::1 - - [04/Dec/2023:08:52:55 +0000] "POST /api/bests/2 HTTP/1.1" 403 48 "-" "PostmanRuntime/7.29.2"

[33m[warn] - 2023-12-04 17:52:58[39m ::1 - - [04/Dec/2023:08:52:58 +0000] "POST /api/bests/2 HTTP/1.1" 403 48 "-" "PostmanRuntime/7.29.2"

[33m[warn] - 2023-12-04 17:56:27[39m ::1 - - [04/Dec/2023:08:56:27 +0000] "DELETE /api/diaries/5/1 HTTP/1.1" 400 49 "-" "PostmanRuntime/7.29.2"

[33m[warn] - 2023-12-04 17:56:42[39m ::1 - - [04/Dec/2023:08:56:42 +0000] "DELETE /api/diaries/4/1 HTTP/1.1" 400 49 "-" "PostmanRuntime/7.29.2"

[33m[warn] - 2023-12-04 17:56:45[39m ::1 - - [04/Dec/2023:08:56:45 +0000] "DELETE /api/diaries/3/1 HTTP/1.1" 400 49 "-" "PostmanRuntime/7.29.2"

[33m[warn] - 2023-12-04 17:56:48[39m ::1 - - [04/Dec/2023:08:56:48 +0000] "DELETE /api/diaries/5/1 HTTP/1.1" 400 49 "-" "PostmanRuntime/7.29.2"

[33m[warn] - 2023-12-04 18:02:34[39m ::1 - - [04/Dec/2023:09:02:34 +0000] "DELETE /api/diaries/5/1 HTTP/1.1" 400 49 "-" "PostmanRuntime/7.29.2"

[33m[warn] - 2023-12-04 18:02:36[39m ::1 - - [04/Dec/2023:09:02:36 +0000] "DELETE /api/diaries/5/1 HTTP/1.1" 400 49 "-" "PostmanRuntime/7.29.2"

[33m[warn] - 2023-12-04 19:08:09[39m ::1 - - [04/Dec/2023:10:08:09 +0000] "PUT /api/diaries/1/2 HTTP/1.1" 400 27 "-" "PostmanRuntime/7.29.2"

[33m[warn] - 2023-12-04 19:09:06[39m ::1 - - [04/Dec/2023:10:09:06 +0000] "PUT /api/diaries/1/2 HTTP/1.1" 400 27 "-" "PostmanRuntime/7.29.2"

[33m[warn] - 2023-12-04 19:10:29[39m ::1 - - [04/Dec/2023:10:10:29 +0000] "PUT /api/diaries/1/2 HTTP/1.1" 400 27 "-" "PostmanRuntime/7.29.2"

[33m[warn] - 2023-12-04 19:13:14[39m ::1 - - [04/Dec/2023:10:13:14 +0000] "DELETE /api/diaries/1/2 HTTP/1.1" 400 49 "-" "PostmanRuntime/7.29.2"

[33m[warn] - 2023-12-04 19:13:33[39m ::1 - - [04/Dec/2023:10:13:33 +0000] "DELETE /api/diaries/1/2 HTTP/1.1" 400 49 "-" "PostmanRuntime/7.29.2"

[33m[warn] - 2023-12-04 19:13:35[39m ::1 - - [04/Dec/2023:10:13:35 +0000] "DELETE /api/diaries/1/2 HTTP/1.1" 400 49 "-" "PostmanRuntime/7.29.2"

[33m[warn] - 2023-12-04 19:13:47[39m ::1 - - [04/Dec/2023:10:13:47 +0000] "DELETE /api/diaries/1/2 HTTP/1.1" 400 49 "-" "PostmanRuntime/7.29.2"

[33m[warn] - 2023-12-04 19:15:57[39m ::1 - - [04/Dec/2023:10:15:57 +0000] "PUT /api/diaries/1/2 HTTP/1.1" 400 43 "-" "PostmanRuntime/7.29.2"

[33m[warn] - 2023-12-04 19:16:05[39m ::1 - - [04/Dec/2023:10:16:05 +0000] "DELETE /api/diaries/1/2 HTTP/1.1" 400 49 "-" "PostmanRuntime/7.29.2"

[33m[warn] - 2023-12-04 19:17:15[39m ::1 - - [04/Dec/2023:10:17:15 +0000] "DELETE /api/diaries/1/2 HTTP/1.1" 400 49 "-" "PostmanRuntime/7.29.2"

[33m[warn] - 2023-12-04 19:17:17[39m ::1 - - [04/Dec/2023:10:17:17 +0000] "DELETE /api/diaries/1/1 HTTP/1.1" 400 49 "-" "PostmanRuntime/7.29.2"

[33m[warn] - 2023-12-04 19:17:20[39m ::1 - - [04/Dec/2023:10:17:20 +0000] "DELETE /api/diaries/1/2 HTTP/1.1" 400 49 "-" "PostmanRuntime/7.29.2"

[33m[warn] - 2023-12-04 19:17:32[39m ::1 - - [04/Dec/2023:10:17:32 +0000] "PUT /api/diaries/1/2 HTTP/1.1" 400 43 "-" "PostmanRuntime/7.29.2"

[33m[warn] - 2023-12-04 19:18:51[39m ::1 - - [04/Dec/2023:10:18:51 +0000] "PUT /api/diaries/1/2 HTTP/1.1" 400 43 "-" "PostmanRuntime/7.29.2"

[33m[warn] - 2023-12-04 19:21:25[39m ::1 - - [04/Dec/2023:10:21:25 +0000] "PUT /api/diaries/1/2 HTTP/1.1" 400 50 "-" "PostmanRuntime/7.29.2"

[33m[warn] - 2023-12-04 19:21:29[39m ::1 - - [04/Dec/2023:10:21:29 +0000] "DELETE /api/diaries/1/2 HTTP/1.1" 400 49 "-" "PostmanRuntime/7.29.2"

[33m[warn] - 2023-12-04 19:23:28[39m ::1 - - [04/Dec/2023:10:23:28 +0000] "DELETE /api/diaries/1/2 HTTP/1.1" 400 49 "-" "PostmanRuntime/7.29.2"

[33m[warn] - 2023-12-04 19:23:33[39m ::1 - - [04/Dec/2023:10:23:33 +0000] "PUT /api/diaries/1/2 HTTP/1.1" 400 50 "-" "PostmanRuntime/7.29.2"

[33m[warn] - 2023-12-04 19:25:45[39m ::1 - - [04/Dec/2023:10:25:45 +0000] "PUT /api/diaries/1/2 HTTP/1.1" 400 50 "-" "PostmanRuntime/7.29.2"

[33m[warn] - 2023-12-04 19:30:57[39m ::1 - - [04/Dec/2023:10:30:57 +0000] "PUT /api/diaries/1/2 HTTP/1.1" 400 38 "-" "PostmanRuntime/7.29.2"

[33m[warn] - 2023-12-04 19:32:42[39m ::1 - - [04/Dec/2023:10:32:42 +0000] "PUT /api/diaries/1/2 HTTP/1.1" 400 38 "-" "PostmanRuntime/7.29.2"

[33m[warn] - 2023-12-04 19:34:19[39m ::1 - - [04/Dec/2023:10:34:19 +0000] "PUT /api/diaries/1/2 HTTP/1.1" 400 38 "-" "PostmanRuntime/7.29.2"

[33m[warn] - 2023-12-04 19:35:48[39m ::1 - - [04/Dec/2023:10:35:48 +0000] "PUT /api/diaries/1/2 HTTP/1.1" 400 38 "-" "PostmanRuntime/7.29.2"

[33m[warn] - 2023-12-04 19:39:03[39m ::1 - - [04/Dec/2023:10:39:03 +0000] "PUT /api/diaries/1/2 HTTP/1.1" 400 38 "-" "PostmanRuntime/7.29.2"

[33m[warn] - 2023-12-04 19:40:24[39m ::1 - - [04/Dec/2023:10:40:24 +0000] "PUT /api/diaries/1/2 HTTP/1.1" 400 38 "-" "PostmanRuntime/7.29.2"

[33m[warn] - 2023-12-04 19:42:37[39m ::1 - - [04/Dec/2023:10:42:37 +0000] "PUT /api/diaries/1/2 HTTP/1.1" 400 38 "-" "PostmanRuntime/7.29.2"

[33m[warn] - 2023-12-04 19:43:31[39m ::1 - - [04/Dec/2023:10:43:31 +0000] "PUT /api/diaries/1/2 HTTP/1.1" 400 38 "-" "PostmanRuntime/7.29.2"

[33m[warn] - 2023-12-04 19:45:20[39m ::1 - - [04/Dec/2023:10:45:20 +0000] "PUT /api/diaries/1/2 HTTP/1.1" 400 38 "-" "PostmanRuntime/7.29.2"

[33m[warn] - 2023-12-04 19:50:12[39m ::1 - - [04/Dec/2023:10:50:12 +0000] "PUT /api/diaries/1/2 HTTP/1.1" 400 38 "-" "PostmanRuntime/7.29.2"

[33m[warn] - 2023-12-04 19:52:00[39m ::1 - - [04/Dec/2023:10:52:00 +0000] "PUT /api/diaries/1/2 HTTP/1.1" 400 38 "-" "PostmanRuntime/7.29.2"

[33m[warn] - 2023-12-04 19:56:25[39m ::1 - - [04/Dec/2023:10:56:25 +0000] "PUT /api/diaries/1/2 HTTP/1.1" 400 38 "-" "PostmanRuntime/7.29.2"

[33m[warn] - 2023-12-04 19:58:44[39m ::1 - - [04/Dec/2023:10:58:44 +0000] "PUT /api/diaries/1/2 HTTP/1.1" 400 38 "-" "PostmanRuntime/7.29.2"

[33m[warn] - 2023-12-04 20:10:20[39m ::1 - - [04/Dec/2023:11:10:20 +0000] "PUT /api/diaries/1/2 HTTP/1.1" 400 38 "-" "PostmanRuntime/7.29.2"

[33m[warn] - 2023-12-04 20:10:45[39m ::1 - - [04/Dec/2023:11:10:45 +0000] "PUT /api/diaries/1/2 HTTP/1.1" 400 38 "-" "PostmanRuntime/7.29.2"

[33m[warn] - 2023-12-04 20:20:17[39m ::1 - - [04/Dec/2023:11:20:17 +0000] "DELETE /api/diaries/1/2 HTTP/1.1" 400 49 "-" "PostmanRuntime/7.29.2"

[33m[warn] - 2023-12-04 20:23:59[39m ::1 - - [04/Dec/2023:11:23:59 +0000] "DELETE /api/diaries/1/2 HTTP/1.1" 400 49 "-" "PostmanRuntime/7.29.2"

[33m[warn] - 2023-12-04 20:29:43[39m ::1 - - [04/Dec/2023:11:29:43 +0000] "PUT /api/diaries/1/2 HTTP/1.1" 400 38 "-" "PostmanRuntime/7.29.2"

[33m[warn] - 2023-12-04 20:54:30[39m ::1 - - [04/Dec/2023:11:54:30 +0000] "PUT /api/diaries/1/2 HTTP/1.1" 400 38 "-" "PostmanRuntime/7.29.2"

[33m[warn] - 2023-12-04 20:58:57[39m ::1 - - [04/Dec/2023:11:58:57 +0000] "PUT /api/diaries/1/2 HTTP/1.1" 400 70 "-" "PostmanRuntime/7.29.2"

[33m[warn] - 2023-12-04 21:00:41[39m ::1 - - [04/Dec/2023:12:00:41 +0000] "PUT /api/diaries/1/2 HTTP/1.1" 400 70 "-" "PostmanRuntime/7.29.2"

[33m[warn] - 2023-12-04 21:02:38[39m ::1 - - [04/Dec/2023:12:02:38 +0000] "PUT /api/diaries/1/2 HTTP/1.1" 403 48 "-" "PostmanRuntime/7.29.2"

[33m[warn] - 2023-12-04 21:03:48[39m ::1 - - [04/Dec/2023:12:03:48 +0000] "PUT /api/diaries/1/2 HTTP/1.1" 400 70 "-" "PostmanRuntime/7.29.2"

[33m[warn] - 2023-12-04 21:05:21[39m ::1 - - [04/Dec/2023:12:05:21 +0000] "PUT /api/diaries/1/2 HTTP/1.1" 400 70 "-" "PostmanRuntime/7.29.2"

[33m[warn] - 2023-12-04 21:06:20[39m ::1 - - [04/Dec/2023:12:06:20 +0000] "PUT /api/diaries/1/2 HTTP/1.1" 400 70 "-" "PostmanRuntime/7.29.2"

[33m[warn] - 2023-12-04 21:12:45[39m ::1 - - [04/Dec/2023:12:12:45 +0000] "PUT /api/diaries/1/2 HTTP/1.1" 400 70 "-" "PostmanRuntime/7.29.2"

[33m[warn] - 2023-12-04 21:13:48[39m ::1 - - [04/Dec/2023:12:13:48 +0000] "PUT /api/diaries/1/2 HTTP/1.1" 400 70 "-" "PostmanRuntime/7.29.2"

[33m[warn] - 2023-12-04 21:15:20[39m ::1 - - [04/Dec/2023:12:15:20 +0000] "PUT /api/diaries/1/2 HTTP/1.1" 400 70 "-" "PostmanRuntime/7.29.2"

[33m[warn] - 2023-12-04 21:20:52[39m ::1 - - [04/Dec/2023:12:20:52 +0000] "PUT /api/diaries/1/2 HTTP/1.1" 400 70 "-" "PostmanRuntime/7.29.2"

[33m[warn] - 2023-12-04 21:25:37[39m ::1 - - [04/Dec/2023:12:25:37 +0000] "PUT /api/diaries/1/2 HTTP/1.1" 400 70 "-" "PostmanRuntime/7.29.2"

[33m[warn] - 2023-12-04 21:26:34[39m ::1 - - [04/Dec/2023:12:26:34 +0000] "PUT /api/diaries/1/2 HTTP/1.1" 400 70 "-" "PostmanRuntime/7.29.2"

[33m[warn] - 2023-12-04 21:31:18[39m ::1 - - [04/Dec/2023:12:31:18 +0000] "PUT /api/diaries/1/2 HTTP/1.1" 400 70 "-" "PostmanRuntime/7.29.2"

[33m[warn] - 2023-12-04 21:44:42[39m ::1 - - [04/Dec/2023:12:44:42 +0000] "DELETE /api/diaries/1/2 HTTP/1.1" 400 49 "-" "PostmanRuntime/7.29.2"

[33m[warn] - 2023-12-04 21:46:44[39m ::1 - - [04/Dec/2023:12:46:44 +0000] "DELETE /api/diaries/1/2 HTTP/1.1" 400 49 "-" "PostmanRuntime/7.29.2"

[33m[warn] - 2023-12-04 21:48:35[39m ::1 - - [04/Dec/2023:12:48:35 +0000] "DELETE /api/diaries/1/2 HTTP/1.1" 400 49 "-" "PostmanRuntime/7.29.2"

[33m[warn] - 2023-12-04 21:49:24[39m ::1 - - [04/Dec/2023:12:49:24 +0000] "DELETE /api/diaries/1/2 HTTP/1.1" 400 49 "-" "PostmanRuntime/7.29.2"

[33m[warn] - 2023-12-04 21:50:07[39m ::1 - - [04/Dec/2023:12:50:07 +0000] "DELETE /api/diaries/4/2 HTTP/1.1" 400 49 "-" "PostmanRuntime/7.29.2"

[33m[warn] - 2023-12-04 23:22:08[39m ::1 - - [04/Dec/2023:14:22:08 +0000] "POST /api/diaries/1 HTTP/1.1" 403 48 "-" "PostmanRuntime/7.29.2"

[33m[warn] - 2023-12-04 23:22:14[39m ::1 - - [04/Dec/2023:14:22:14 +0000] "POST /api/diaries/1 HTTP/1.1" 403 48 "-" "PostmanRuntime/7.29.2"

[33m[warn] - 2023-12-04 23:23:12[39m ::1 - - [04/Dec/2023:14:23:12 +0000] "POST /api/diaries/1 HTTP/1.1" 403 48 "-" "PostmanRuntime/7.29.2"

