[33m[warn] - 2023-12-05 00:28:22[39m ::1 - - [04/Dec/2023:15:28:22 +0000] "POST /api/bests/2 HTTP/1.1" 400 67 "-" "PostmanRuntime/7.29.2"

[33m[warn] - 2023-12-05 02:29:46[39m ::1 - - [04/Dec/2023:17:29:46 +0000] "POST /api/users/signup HTTP/1.1" 403 58 "-" "PostmanRuntime/7.29.2"

[33m[warn] - 2023-12-05 02:34:33[39m ::1 - - [04/Dec/2023:17:34:33 +0000] "POST /api/users/logout HTTP/1.1" 400 42 "-" "PostmanRuntime/7.29.2"

[33m[warn] - 2023-12-05 02:35:52[39m ::1 - - [04/Dec/2023:17:35:52 +0000] "POST /api/users/logout HTTP/1.1" 400 42 "-" "PostmanRuntime/7.29.2"

[33m[warn] - 2023-12-05 02:38:15[39m ::1 - - [04/Dec/2023:17:38:15 +0000] "POST /api/users/logout HTTP/1.1" 400 47 "-" "PostmanRuntime/7.29.2"

[33m[warn] - 2023-12-05 02:39:32[39m ::1 - - [04/Dec/2023:17:39:32 +0000] "POST /api/users/logout HTTP/1.1" 400 47 "-" "PostmanRuntime/7.29.2"

[33m[warn] - 2023-12-05 02:40:06[39m ::1 - - [04/Dec/2023:17:40:06 +0000] "POST /api/users/logout HTTP/1.1" 400 92 "-" "PostmanRuntime/7.29.2"

[33m[warn] - 2023-12-05 02:41:24[39m ::1 - - [04/Dec/2023:17:41:24 +0000] "POST /api/users/logout HTTP/1.1" 400 98 "-" "PostmanRuntime/7.29.2"

[33m[warn] - 2023-12-05 02:42:20[39m ::1 - - [04/Dec/2023:17:42:20 +0000] "POST /api/users/logout HTTP/1.1" 400 92 "-" "PostmanRuntime/7.29.2"

[33m[warn] - 2023-12-05 02:42:33[39m ::1 - - [04/Dec/2023:17:42:33 +0000] "POST /api/users/logout HTTP/1.1" 400 98 "-" "PostmanRuntime/7.29.2"

[33m[warn] - 2023-12-05 02:44:14[39m ::1 - - [04/Dec/2023:17:44:14 +0000] "POST /api/users/logout HTTP/1.1" 403 48 "-" "PostmanRuntime/7.29.2"

[33m[warn] - 2023-12-05 02:44:31[39m ::1 - - [04/Dec/2023:17:44:31 +0000] "POST /api/users/login HTTP/1.1" 403 58 "-" "PostmanRuntime/7.29.2"

[33m[warn] - 2023-12-05 03:01:25[39m ::1 - - [04/Dec/2023:18:01:25 +0000] "POST /api/users/signup HTTP/1.1" 403 58 "-" "PostmanRuntime/7.29.2"

[33m[warn] - 2023-12-05 03:01:32[39m ::1 - - [04/Dec/2023:18:01:32 +0000] "POST /api/users/signup HTTP/1.1" 400 43 "-" "PostmanRuntime/7.29.2"

[31m[error] - 2023-12-05 03:02:17[39m ::1 - - [04/Dec/2023:18:02:17 +0000] "POST /api/users/signup HTTP/1.1" 500 181 "-" "PostmanRuntime/7.29.2"

[33m[warn] - 2023-12-05 03:56:37[39m ::1 - - [04/Dec/2023:18:56:37 +0000] "PUT /api/users/today/myhome/1 HTTP/1.1" 403 48 "-" "PostmanRuntime/7.29.2"

[33m[warn] - 2023-12-05 03:57:57[39m ::1 - - [04/Dec/2023:18:57:57 +0000] "PUT /api/users/today/myhome/1 HTTP/1.1" 403 48 "-" "PostmanRuntime/7.29.2"

[33m[warn] - 2023-12-05 03:58:33[39m ::1 - - [04/Dec/2023:18:58:33 +0000] "PUT /api/users/today/myhome/1 HTTP/1.1" 400 41 "-" "PostmanRuntime/7.29.2"

[33m[warn] - 2023-12-05 03:59:42[39m ::1 - - [04/Dec/2023:18:59:42 +0000] "PUT /api/users/myhome/today/1 HTTP/1.1" 400 41 "-" "PostmanRuntime/7.29.2"

[33m[warn] - 2023-12-05 04:00:15[39m ::1 - - [04/Dec/2023:19:00:15 +0000] "PUT /api/users/myhome/today/1 HTTP/1.1" 400 67 "-" "PostmanRuntime/7.29.2"

[33m[warn] - 2023-12-05 04:01:59[39m ::1 - - [04/Dec/2023:19:01:59 +0000] "PUT /api/users/myhome/today/1 HTTP/1.1" 400 67 "-" "PostmanRuntime/7.29.2"

